<?xml version="1.0" encoding="UTF-8"?>
<!-- Generated by org.testng.reporters.JUnitReportReporter -->
<testsuite hostname="DESKTOP-0N3P8U3" name="com.nagasumali.stocks.repository.LocalStockRepositoryTest" tests="4" failures="0" timestamp="24 Mar 2023 20:25:41 GMT" time="0.208" errors="0">
  <testcase name="shouldDeleteFromRepository" time="0.005" classname="com.nagasumali.stocks.repository.LocalStockRepositoryTest"/>
  <testcase name="shouldFindAllInRepositoryFromSpec" time="0.191" classname="com.nagasumali.stocks.repository.LocalStockRepositoryTest"/>
  <testcase name="shouldFindOneInRepositoryFromSpec" time="0.012" classname="com.nagasumali.stocks.repository.LocalStockRepositoryTest"/>
  <testcase name="shouldSaveDataToRepository" time="0.000" classname="com.nagasumali.stocks.repository.LocalStockRepositoryTest"/>
</testsuite> <!-- com.nagasumali.stocks.repository.LocalStockRepositoryTest -->
