<?xml version="1.0" encoding="UTF-8"?>
<!-- Generated by org.testng.reporters.JUnitReportReporter -->
<testsuite hostname="DESKTOP-0N3P8U3" name="com.nagasumali.stocks.domain.TradeTest" tests="1" failures="0" timestamp="24 Mar 2023 20:25:41 GMT" time="0.002" errors="0">
  <testcase name="shouldGetState" time="0.002" classname="com.nagasumali.stocks.domain.TradeTest"/>
</testsuite> <!-- com.nagasumali.stocks.domain.TradeTest -->
