<?xml version="1.0" encoding="UTF-8"?>
<!-- Generated by org.testng.reporters.JUnitReportReporter -->
<testsuite hostname="DESKTOP-0N3P8U3" name="com.nagasumali.stocks.controller.converter.TradeDtoConverterTest" tests="2" failures="0" timestamp="24 Mar 2023 20:25:41 GMT" time="0.196" errors="0">
  <testcase name="shouldConvert" time="0.192" classname="com.nagasumali.stocks.controller.converter.TradeDtoConverterTest"/>
  <testcase name="shouldThrowExceptionWhenConversionFails" time="0.004" classname="com.nagasumali.stocks.controller.converter.TradeDtoConverterTest"/>
</testsuite> <!-- com.nagasumali.stocks.controller.converter.TradeDtoConverterTest -->
