<?xml version="1.0" encoding="UTF-8"?>
<!-- Generated by org.testng.reporters.JUnitReportReporter -->
<testsuite hostname="DESKTOP-0N3P8U3" name="com.nagasumali.stocks.service.StockServiceImplTest" tests="12" failures="0" timestamp="24 Mar 2023 20:25:41 GMT" time="0.761" errors="0">
  <testcase name="shouldThrowExceptionWhenCalculatingStockPriceAndQuantitySumIsZero" time="0.004" classname="com.nagasumali.stocks.service.StockServiceImplTest"/>
  <testcase name="shouldThrowExceptionWhenCalculatingGBCEAsiAndCannotComputePrice" time="0.005" classname="com.nagasumali.stocks.service.StockServiceImplTest"/>
  <testcase name="shouldThrowExceptionWhenCalculatingDividendAndStockDoesNotExist" time="0.005" classname="com.nagasumali.stocks.service.StockServiceImplTest"/>
  <testcase name="shouldRecordStock" time="0.021" classname="com.nagasumali.stocks.service.StockServiceImplTest"/>
  <testcase name="shouldThrowExceptionWhenCalculatingPERatioAndStockDoesNotExist" time="0.002" classname="com.nagasumali.stocks.service.StockServiceImplTest"/>
  <testcase name="shouldThrowExceptionWhenCalculatingGBCEAsiAndNoStocksFound" time="0.005" classname="com.nagasumali.stocks.service.StockServiceImplTest"/>
  <testcase name="shouldCalculateGBCEAllSharesIndex" time="0.655" classname="com.nagasumali.stocks.service.StockServiceImplTest"/>
  <testcase name="shouldThrowExceptionWhenCalculatingStockPriceAndNoTradesFound" time="0.003" classname="com.nagasumali.stocks.service.StockServiceImplTest"/>
  <testcase name="shouldCalculatePERatio" time="0.002" classname="com.nagasumali.stocks.service.StockServiceImplTest"/>
  <testcase name="shouldCalculateStockPrice" time="0.004" classname="com.nagasumali.stocks.service.StockServiceImplTest"/>
  <testcase name="shouldCalculateDividend" time="0.015" classname="com.nagasumali.stocks.service.StockServiceImplTest"/>
  <testcase name="shouldCalculateStockPriceFromPastMinutes" time="0.040" classname="com.nagasumali.stocks.service.StockServiceImplTest"/>
</testsuite> <!-- com.nagasumali.stocks.service.StockServiceImplTest -->
