<?xml version="1.0" encoding="UTF-8"?>
<!-- Generated by org.testng.reporters.JUnitReportReporter -->
<testsuite hostname="DESKTOP-0N3P8U3" name="com.nagasumali.stocks.repository.LocalTradeRepositoryTest" tests="4" failures="0" timestamp="24 Mar 2023 20:25:41 GMT" time="0.016" errors="0">
  <testcase name="shouldFindOneInRepositoryFromSpec" time="0.005" classname="com.nagasumali.stocks.repository.LocalTradeRepositoryTest"/>
  <testcase name="shouldDeleteFromRepository" time="0.001" classname="com.nagasumali.stocks.repository.LocalTradeRepositoryTest"/>
  <testcase name="shouldFindAllInRepositoryFromSpec" time="0.008" classname="com.nagasumali.stocks.repository.LocalTradeRepositoryTest"/>
  <testcase name="shouldSaveDataToRepository" time="0.002" classname="com.nagasumali.stocks.repository.LocalTradeRepositoryTest"/>
</testsuite> <!-- com.nagasumali.stocks.repository.LocalTradeRepositoryTest -->
