<?xml version="1.0" encoding="UTF-8"?>
<!-- Generated by org.testng.reporters.JUnitReportReporter -->
<testsuite hostname="DESKTOP-0N3P8U3" name="com.nagasumali.stocks.spec.TradeSpecificationTest" tests="3" failures="0" timestamp="24 Mar 2023 20:25:41 GMT" time="0.001" errors="0">
  <testcase name="shouldReturnTrueIfDateIntervalIsZero" time="0.000" classname="com.nagasumali.stocks.spec.TradeSpecificationTest"/>
  <testcase name="shouldValidateStockSymbol" time="0.001" classname="com.nagasumali.stocks.spec.TradeSpecificationTest"/>
  <testcase name="shouldValidateDateInterval" time="0.000" classname="com.nagasumali.stocks.spec.TradeSpecificationTest"/>
</testsuite> <!-- com.nagasumali.stocks.spec.TradeSpecificationTest -->
