<?xml version="1.0" encoding="UTF-8"?>
<!-- Generated by org.testng.reporters.JUnitReportReporter -->
<testsuite hostname="DESKTOP-0N3P8U3" name="com.nagasumali.stocks.controller.StockControllerTest" tests="15" failures="0" timestamp="24 Mar 2023 20:25:41 GMT" time="1.318" errors="0">
  <testcase name="shouldThrowExceptionWhenPostingStockAndServiceThrowsException" time="0.005" classname="com.nagasumali.stocks.controller.StockControllerTest"/>
  <testcase name="shouldThrowExceptionWhenGettingAllSharesIndexAndServiceThrowsException" time="0.005" classname="com.nagasumali.stocks.controller.StockControllerTest"/>
  <testcase name="shouldThrowExceptionWhenGettingStockAndServiceThrowsException" time="0.003" classname="com.nagasumali.stocks.controller.StockControllerTest"/>
  <testcase name="shouldGetStockPrice" time="0.005" classname="com.nagasumali.stocks.controller.StockControllerTest"/>
  <testcase name="shouldThrowExceptionWhenGettingStockPriceAndServiceThrowsException" time="0.003" classname="com.nagasumali.stocks.controller.StockControllerTest"/>
  <testcase name="shouldThrowExceptionWhenPostingStockAndConverterThrowsException" time="0.002" classname="com.nagasumali.stocks.controller.StockControllerTest"/>
  <testcase name="shouldPostStock" time="0.075" classname="com.nagasumali.stocks.controller.StockControllerTest"/>
  <testcase name="shouldGetGBCEAllSharesIndex" time="0.008" classname="com.nagasumali.stocks.controller.StockControllerTest"/>
  <testcase name="shouldGetDividend" time="1.152" classname="com.nagasumali.stocks.controller.StockControllerTest"/>
  <testcase name="shouldReturnBadRequestResponseWhenMandatoryFieldsNotPresent" time="0.037" classname="com.nagasumali.stocks.controller.StockControllerTest"/>
  <testcase name="shouldGetStock" time="0.006" classname="com.nagasumali.stocks.controller.StockControllerTest"/>
  <testcase name="shouldGetPERatio" time="0.006" classname="com.nagasumali.stocks.controller.StockControllerTest"/>
  <testcase name="shouldThrowExceptionWhenGettingStockAndConverterServiceThrowsException" time="0.005" classname="com.nagasumali.stocks.controller.StockControllerTest"/>
  <testcase name="shouldThrowExceptionWhenGettingDividendAndServiceThrowsException" time="0.002" classname="com.nagasumali.stocks.controller.StockControllerTest"/>
  <testcase name="shouldThrowExceptionWhenGettingPERatioAndServiceThrowsException" time="0.004" classname="com.nagasumali.stocks.controller.StockControllerTest"/>
</testsuite> <!-- com.nagasumali.stocks.controller.StockControllerTest -->
