<?xml version="1.0" encoding="UTF-8"?>
<!-- Generated by org.testng.reporters.JUnitReportReporter -->
<testsuite hostname="DESKTOP-0N3P8U3" name="com.nagasumali.stocks.controller.converter.StockDtoConverterTest" tests="2" failures="0" timestamp="24 Mar 2023 20:25:41 GMT" time="0.015" errors="0">
  <testcase name="shouldConvert" time="0.012" classname="com.nagasumali.stocks.controller.converter.StockDtoConverterTest"/>
  <testcase name="shouldFailWhenTypeIsInvalid" time="0.003" classname="com.nagasumali.stocks.controller.converter.StockDtoConverterTest"/>
</testsuite> <!-- com.nagasumali.stocks.controller.converter.StockDtoConverterTest -->
