<?xml version="1.0" encoding="UTF-8"?>
<!-- Generated by org.testng.reporters.JUnitReportReporter -->
<testsuite hostname="DESKTOP-0N3P8U3" name="com.nagasumali.stocks.service.TradeServiceImplTest" tests="1" failures="0" timestamp="24 Mar 2023 20:25:41 GMT" time="0.005" errors="0">
  <testcase name="shouldRecordStock" time="0.005" classname="com.nagasumali.stocks.service.TradeServiceImplTest"/>
</testsuite> <!-- com.nagasumali.stocks.service.TradeServiceImplTest -->
