<?xml version="1.0" encoding="UTF-8"?>
<!-- Generated by org.testng.reporters.JUnitReportReporter -->
<testsuite hostname="DESKTOP-0N3P8U3" name="com.nagasumali.stocks.domain.StockTest" tests="12" failures="0" timestamp="24 Mar 2023 20:25:41 GMT" time="0.194" errors="0">
  <testcase name="shouldFailWithNullType" time="0.001" classname="com.nagasumali.stocks.domain.StockTest"/>
  <testcase name="shouldCalculateCommonDividendYield" time="0.003" classname="com.nagasumali.stocks.domain.StockTest"/>
  <testcase name="shouldFailWithNegativeParValue" time="0.005" classname="com.nagasumali.stocks.domain.StockTest"/>
  <testcase name="shouldFailWithEmptySymbol" time="0.000" classname="com.nagasumali.stocks.domain.StockTest"/>
  <testcase name="shouldCalculatePreferredDividendYield" time="0.001" classname="com.nagasumali.stocks.domain.StockTest"/>
  <testcase name="shouldFailWithNegativeFixedDividend" time="0.010" classname="com.nagasumali.stocks.domain.StockTest"/>
  <testcase name="shouldFailWithFixedDividendGreaterThanUnit" time="0.001" classname="com.nagasumali.stocks.domain.StockTest"/>
  <testcase name="shouldCalculatePERatio" time="0.167" classname="com.nagasumali.stocks.domain.StockTest"/>
  <testcase name="shouldGetState" time="0.002" classname="com.nagasumali.stocks.domain.StockTest"/>
  <testcase name="shouldFailWithNullSymbol" time="0.001" classname="com.nagasumali.stocks.domain.StockTest"/>
  <testcase name="shouldFailWithNegativeTickerPrice" time="0.001" classname="com.nagasumali.stocks.domain.StockTest"/>
  <testcase name="shouldFailWithNegativeLastDividend" time="0.002" classname="com.nagasumali.stocks.domain.StockTest"/>
</testsuite> <!-- com.nagasumali.stocks.domain.StockTest -->
