<?xml version="1.0" encoding="UTF-8"?>
<!-- Generated by org.testng.reporters.JUnitReportReporter -->
<testsuite hostname="DESKTOP-0N3P8U3" name="com.nagasumali.stocks.controller.TradeControllerTest" tests="2" failures="0" timestamp="24 Mar 2023 20:25:41 GMT" time="0.369" errors="0">
  <testcase name="shouldReturnBadRequestResponseWhenMandatoryFieldsNotPresent" time="0.005" classname="com.nagasumali.stocks.controller.TradeControllerTest"/>
  <testcase name="shouldPostTrade" time="0.364" classname="com.nagasumali.stocks.controller.TradeControllerTest"/>
</testsuite> <!-- com.nagasumali.stocks.controller.TradeControllerTest -->
