<?xml version="1.0" encoding="UTF-8"?>
<testsuite xmlns:xsi="http://www.w3.org/2001/XMLSchema-instance" xsi:schemaLocation="https://maven.apache.org/surefire/maven-surefire-plugin/xsd/surefire-test-report.xsd" name="TestSuite" time="6.267" tests="60" errors="0" skipped="0" failures="0">
  <properties>
    <property name="idea.version" value="2022.3.1"/>
    <property name="java.runtime.name" value="Java(TM) SE Runtime Environment"/>
    <property name="sun.boot.library.path" value="C:\Program Files\Java\jdk1.8.0_291\jre\bin"/>
    <property name="java.vm.version" value="25.291-b10"/>
    <property name="java.vm.vendor" value="Oracle Corporation"/>
    <property name="maven.multiModuleProjectDirectory" value="C:\Users\udayi\IdeaProjects\stock-maintance-app"/>
    <property name="java.vendor.url" value="http://java.oracle.com/"/>
    <property name="path.separator" value=";"/>
    <property name="guice.disable.misplaced.annotation.check" value="true"/>
    <property name="java.vm.name" value="Java HotSpot(TM) 64-Bit Server VM"/>
    <property name="file.encoding.pkg" value="sun.io"/>
    <property name="user.script" value=""/>
    <property name="user.country" value="US"/>
    <property name="sun.java.launcher" value="SUN_STANDARD"/>
    <property name="sun.os.patch.level" value=""/>
    <property name="java.vm.specification.name" value="Java Virtual Machine Specification"/>
    <property name="user.dir" value="C:\Users\udayi\IdeaProjects\stock-maintance-app"/>
    <property name="java.runtime.version" value="1.8.0_291-b10"/>
    <property name="java.awt.graphicsenv" value="sun.awt.Win32GraphicsEnvironment"/>
    <property name="java.endorsed.dirs" value="C:\Program Files\Java\jdk1.8.0_291\jre\lib\endorsed"/>
    <property name="os.arch" value="amd64"/>
    <property name="java.io.tmpdir" value="C:\Users\udayi\AppData\Local\Temp\"/>
    <property name="line.separator" value="&#10;"/>
    <property name="java.vm.specification.vendor" value="Oracle Corporation"/>
    <property name="user.variant" value=""/>
    <property name="os.name" value="Windows 10"/>
    <property name="maven.ext.class.path" value="C:\Program Files\JetBrains\IntelliJ IDEA Community Edition 2022.3.1\plugins\maven\lib\maven-event-listener.jar"/>
    <property name="classworlds.conf" value="C:\Program Files\JetBrains\IntelliJ IDEA Community Edition 2022.3.1\plugins\maven\lib\maven3\bin\m2.conf"/>
    <property name="sun.jnu.encoding" value="Cp1252"/>
    <property name="java.library.path" value="C:\Program Files\Java\jdk1.8.0_291\bin;C:\WINDOWS\Sun\Java\bin;C:\WINDOWS\system32;C:\WINDOWS;C:\Program Files\Common Files\Oracle\Java\javapath;C:\Program Files (x86)\Common Files\Oracle\Java\javapath;C:\WINDOWS\system32;C:\WINDOWS;C:\WINDOWS\System32\Wbem;C:\WINDOWS\System32\WindowsPowerShell\v1.0\;C:\WINDOWS\System32\OpenSSH\;C:\Program Files (x86)\Intel\Intel(R) Management Engine Components\DAL;C:\Program Files\Intel\Intel(R) Management Engine Components\DAL;C:\Program Files\MATLAB\R2020a\runtime\win64;C:\Program Files\MATLAB\R2020a\bin;C:\Program Files\Git\cmd;C:\Program Files\dotnet\;C:\Program Files\nodejs\;C:\Program Files\MySQL\MySQL Shell 8.0\bin\;C:\Users\udayi\AppData\Local\Microsoft\WindowsApps;C:\Users\udayi\AppData\Local\Programs\Microsoft VS Code\bin;C:\Users\udayi\AppData\Roaming\npm;C:\Users\udayi\AppData\Local\JetBrains\IntelliJ IDEA Community Edition 2022.3.1\bin;;;."/>
    <property name="jansi.passthrough" value="true"/>
    <property name="maven.conf" value="C:\Program Files\JetBrains\IntelliJ IDEA Community Edition 2022.3.1\plugins\maven\lib\maven3/conf"/>
    <property name="java.specification.name" value="Java Platform API Specification"/>
    <property name="java.class.version" value="52.0"/>
    <property name="sun.management.compiler" value="HotSpot 64-Bit Tiered Compilers"/>
    <property name="os.version" value="10.0"/>
    <property name="user.home" value="C:\Users\udayi"/>
    <property name="user.timezone" value="America/New_York"/>
    <property name="java.awt.printerjob" value="sun.awt.windows.WPrinterJob"/>
    <property name="java.specification.version" value="1.8"/>
    <property name="file.encoding" value="UTF-8"/>
    <property name="user.name" value="udayi"/>
    <property name="java.class.path" value="C:\Program Files\JetBrains\IntelliJ IDEA Community Edition 2022.3.1\plugins\maven\lib\maven3\boot\plexus-classworlds-2.6.0.jar;C:\Program Files\JetBrains\IntelliJ IDEA Community Edition 2022.3.1\plugins\maven\lib\maven3\boot\plexus-classworlds.license;C:\Program Files\JetBrains\IntelliJ IDEA Community Edition 2022.3.1\lib\idea_rt.jar"/>
    <property name="java.vm.specification.version" value="1.8"/>
    <property name="sun.arch.data.model" value="64"/>
    <property name="java.home" value="C:\Program Files\Java\jdk1.8.0_291\jre"/>
    <property name="sun.java.command" value="org.codehaus.classworlds.Launcher -Didea.version=2022.3.1 clean install"/>
    <property name="java.specification.vendor" value="Oracle Corporation"/>
    <property name="user.language" value="en"/>
    <property name="awt.toolkit" value="sun.awt.windows.WToolkit"/>
    <property name="java.vm.info" value="mixed mode"/>
    <property name="java.version" value="1.8.0_291"/>
    <property name="java.ext.dirs" value="C:\Program Files\Java\jdk1.8.0_291\jre\lib\ext;C:\WINDOWS\Sun\Java\lib\ext"/>
    <property name="sun.boot.class.path" value="C:\Program Files\Java\jdk1.8.0_291\jre\lib\resources.jar;C:\Program Files\Java\jdk1.8.0_291\jre\lib\rt.jar;C:\Program Files\Java\jdk1.8.0_291\jre\lib\sunrsasign.jar;C:\Program Files\Java\jdk1.8.0_291\jre\lib\jsse.jar;C:\Program Files\Java\jdk1.8.0_291\jre\lib\jce.jar;C:\Program Files\Java\jdk1.8.0_291\jre\lib\charsets.jar;C:\Program Files\Java\jdk1.8.0_291\jre\lib\jfr.jar;C:\Program Files\Java\jdk1.8.0_291\jre\classes"/>
    <property name="java.vendor" value="Oracle Corporation"/>
    <property name="maven.home" value="C:\Program Files\JetBrains\IntelliJ IDEA Community Edition 2022.3.1\plugins\maven\lib\maven3"/>
    <property name="file.separator" value="\"/>
    <property name="java.vendor.url.bug" value="http://bugreport.sun.com/bugreport/"/>
    <property name="sun.cpu.endian" value="little"/>
    <property name="sun.io.unicode.encoding" value="UnicodeLittle"/>
    <property name="sun.desktop" value="windows"/>
    <property name="sun.cpu.isalist" value="amd64"/>
  </properties>
  <testcase name="shouldConvert" classname="com.nagasumali.stocks.controller.converter.StockConverterTest" time="0.29"/>
  <testcase name="shouldConvert" classname="com.nagasumali.stocks.controller.converter.StockDtoConverterTest" time="0.007"/>
  <testcase name="shouldFailWhenTypeIsInvalid" classname="com.nagasumali.stocks.controller.converter.StockDtoConverterTest" time="0.002"/>
  <testcase name="shouldConvert" classname="com.nagasumali.stocks.controller.converter.TradeDtoConverterTest" time="0.191"/>
  <testcase name="shouldThrowExceptionWhenConversionFails" classname="com.nagasumali.stocks.controller.converter.TradeDtoConverterTest" time="0"/>
  <testcase name="shouldGetDividend" classname="com.nagasumali.stocks.controller.StockControllerTest" time="0.134"/>
  <testcase name="shouldGetGBCEAllSharesIndex" classname="com.nagasumali.stocks.controller.StockControllerTest" time="0.008"/>
  <testcase name="shouldGetPERatio" classname="com.nagasumali.stocks.controller.StockControllerTest" time="0.004"/>
  <testcase name="shouldGetStock" classname="com.nagasumali.stocks.controller.StockControllerTest" time="0.005"/>
  <testcase name="shouldGetStockPrice" classname="com.nagasumali.stocks.controller.StockControllerTest" time="0.003"/>
  <testcase name="shouldPostStock" classname="com.nagasumali.stocks.controller.StockControllerTest" time="0.073"/>
  <testcase name="shouldReturnBadRequestResponseWhenMandatoryFieldsNotPresent" classname="com.nagasumali.stocks.controller.StockControllerTest" time="0.036"/>
  <testcase name="shouldThrowExceptionWhenGettingAllSharesIndexAndServiceThrowsException" classname="com.nagasumali.stocks.controller.StockControllerTest" time="0.004"/>
  <testcase name="shouldThrowExceptionWhenGettingDividendAndServiceThrowsException" classname="com.nagasumali.stocks.controller.StockControllerTest" time="0.002"/>
  <testcase name="shouldThrowExceptionWhenGettingPERatioAndServiceThrowsException" classname="com.nagasumali.stocks.controller.StockControllerTest" time="0.002"/>
  <testcase name="shouldThrowExceptionWhenGettingStockAndConverterServiceThrowsException" classname="com.nagasumali.stocks.controller.StockControllerTest" time="0.004"/>
  <testcase name="shouldThrowExceptionWhenGettingStockAndServiceThrowsException" classname="com.nagasumali.stocks.controller.StockControllerTest" time="0.002"/>
  <testcase name="shouldThrowExceptionWhenGettingStockPriceAndServiceThrowsException" classname="com.nagasumali.stocks.controller.StockControllerTest" time="0.002"/>
  <testcase name="shouldThrowExceptionWhenPostingStockAndConverterThrowsException" classname="com.nagasumali.stocks.controller.StockControllerTest" time="0.002"/>
  <testcase name="shouldThrowExceptionWhenPostingStockAndServiceThrowsException" classname="com.nagasumali.stocks.controller.StockControllerTest" time="0.004"/>
  <testcase name="shouldPostTrade" classname="com.nagasumali.stocks.controller.TradeControllerTest" time="0.296"/>
  <testcase name="shouldReturnBadRequestResponseWhenMandatoryFieldsNotPresent" classname="com.nagasumali.stocks.controller.TradeControllerTest" time="0.003"/>
  <testcase name="shouldCalculateCommonDividendYield" classname="com.nagasumali.stocks.domain.StockTest" time="0"/>
  <testcase name="shouldCalculatePERatio" classname="com.nagasumali.stocks.domain.StockTest" time="0.159"/>
  <testcase name="shouldCalculatePreferredDividendYield" classname="com.nagasumali.stocks.domain.StockTest" time="0.001"/>
  <testcase name="shouldFailWithEmptySymbol" classname="com.nagasumali.stocks.domain.StockTest" time="0"/>
  <testcase name="shouldFailWithFixedDividendGreaterThanUnit" classname="com.nagasumali.stocks.domain.StockTest" time="0"/>
  <testcase name="shouldFailWithNegativeFixedDividend" classname="com.nagasumali.stocks.domain.StockTest" time="0.011"/>
  <testcase name="shouldFailWithNegativeLastDividend" classname="com.nagasumali.stocks.domain.StockTest" time="0"/>
  <testcase name="shouldFailWithNegativeParValue" classname="com.nagasumali.stocks.domain.StockTest" time="0"/>
  <testcase name="shouldFailWithNegativeTickerPrice" classname="com.nagasumali.stocks.domain.StockTest" time="0"/>
  <testcase name="shouldFailWithNullSymbol" classname="com.nagasumali.stocks.domain.StockTest" time="0"/>
  <testcase name="shouldFailWithNullType" classname="com.nagasumali.stocks.domain.StockTest" time="0"/>
  <testcase name="shouldGetState" classname="com.nagasumali.stocks.domain.StockTest" time="0"/>
  <testcase name="shouldGetState" classname="com.nagasumali.stocks.domain.TradeTest" time="0.001"/>
  <testcase name="shouldDeleteFromRepository" classname="com.nagasumali.stocks.repository.LocalStockRepositoryTest" time="0.012"/>
  <testcase name="shouldFindAllInRepositoryFromSpec" classname="com.nagasumali.stocks.repository.LocalStockRepositoryTest" time="0.119"/>
  <testcase name="shouldFindOneInRepositoryFromSpec" classname="com.nagasumali.stocks.repository.LocalStockRepositoryTest" time="0.01"/>
  <testcase name="shouldSaveDataToRepository" classname="com.nagasumali.stocks.repository.LocalStockRepositoryTest" time="0"/>
  <testcase name="shouldDeleteFromRepository" classname="com.nagasumali.stocks.repository.LocalTradeRepositoryTest" time="0"/>
  <testcase name="shouldFindAllInRepositoryFromSpec" classname="com.nagasumali.stocks.repository.LocalTradeRepositoryTest" time="0.003"/>
  <testcase name="shouldFindOneInRepositoryFromSpec" classname="com.nagasumali.stocks.repository.LocalTradeRepositoryTest" time="0.003"/>
  <testcase name="shouldSaveDataToRepository" classname="com.nagasumali.stocks.repository.LocalTradeRepositoryTest" time="0"/>
  <testcase name="shouldCalculateDividend" classname="com.nagasumali.stocks.service.StockServiceImplTest" time="0.013"/>
  <testcase name="shouldCalculateGBCEAllSharesIndex" classname="com.nagasumali.stocks.service.StockServiceImplTest" time="0.654"/>
  <testcase name="shouldCalculatePERatio" classname="com.nagasumali.stocks.service.StockServiceImplTest" time="0.002"/>
  <testcase name="shouldCalculateStockPrice" classname="com.nagasumali.stocks.service.StockServiceImplTest" time="0.002"/>
  <testcase name="shouldCalculateStockPriceFromPastMinutes" classname="com.nagasumali.stocks.service.StockServiceImplTest" time="0.04"/>
  <testcase name="shouldRecordStock" classname="com.nagasumali.stocks.service.StockServiceImplTest" time="0.002"/>
  <testcase name="shouldThrowExceptionWhenCalculatingDividendAndStockDoesNotExist" classname="com.nagasumali.stocks.service.StockServiceImplTest" time="0.001"/>
  <testcase name="shouldThrowExceptionWhenCalculatingGBCEAsiAndCannotComputePrice" classname="com.nagasumali.stocks.service.StockServiceImplTest" time="0.003"/>
  <testcase name="shouldThrowExceptionWhenCalculatingGBCEAsiAndNoStocksFound" classname="com.nagasumali.stocks.service.StockServiceImplTest" time="0.002"/>
  <testcase name="shouldThrowExceptionWhenCalculatingPERatioAndStockDoesNotExist" classname="com.nagasumali.stocks.service.StockServiceImplTest" time="0.002"/>
  <testcase name="shouldThrowExceptionWhenCalculatingStockPriceAndNoTradesFound" classname="com.nagasumali.stocks.service.StockServiceImplTest" time="0.002"/>
  <testcase name="shouldThrowExceptionWhenCalculatingStockPriceAndQuantitySumIsZero" classname="com.nagasumali.stocks.service.StockServiceImplTest" time="0.001"/>
  <testcase name="shouldRecordStock" classname="com.nagasumali.stocks.service.TradeServiceImplTest" time="0"/>
  <testcase name="shouldValidateSymbol" classname="com.nagasumali.stocks.spec.StockSpecificationTest" time="0.001"/>
  <testcase name="shouldReturnTrueIfDateIntervalIsZero" classname="com.nagasumali.stocks.spec.TradeSpecificationTest" time="0.003"/>
  <testcase name="shouldValidateDateInterval" classname="com.nagasumali.stocks.spec.TradeSpecificationTest" time="0"/>
  <testcase name="shouldValidateStockSymbol" classname="com.nagasumali.stocks.spec.TradeSpecificationTest" time="0.002"/>
</testsuite>